Arguments: 
  C:\Program Files\nodejs\node.exe C:\Users\Administrator\AppData\Roaming\npm\node_modules\yarn\bin\yarn.js install

PATH: 
  C:\Program Files\Python311\Scripts\;C:\Program Files\Python311\;C:\Windows\system32;C:\Windows;C:\Windows\System32\Wbem;C:\Windows\System32\WindowsPowerShell\v1.0\;C:\Windows\System32\OpenSSH\;C:\Program Files\Keysight\IO Libraries Suite\bin;C:\Program Files\IVI Foundation\VISA\Win64\ktvisa;C:\Program Files\IVI Foundation\VISA\Win64\bin;C:\Program Files (x86)\Keysight\IO Libraries Suite\bin;C:\Program Files (x86)\IVI Foundation\VISA\WinNT\ktvisa;C:\Program Files (x86)\IVI Foundation\VISA\WinNT\bin;C:\Program Files (x86)\IVI Foundation\IVI\bin;C:\Program Files\IVI Foundation\IVI\bin;C:\Program Files (x86)\IVI Foundation\VISA\WinNT\Bin\;C:\Program Files\IVI Foundation\VISA\Win64\Bin\;C:\Program Files (x86)\IVI Foundation\VISA\winnt\agvisa;C:\Program Files\Git\cmd;C:\Program Files\TortoiseGit\bin;C:\Program Files\Microsoft VS Code\bin;C:\nvm;C:\Program Files\nodejs;C:\Users\Administrator\AppData\Local\Microsoft\WindowsApps;C:\Users\Administrator\AppData\Roaming\npm;C:\Users\Administrator\AppData\Local\GitHubDesktop\bin;C:\Users\Administrator\AppData\Local\Programs\Hyper\resources\bin;C:\nvm;C:\Program Files\nodejs

Yarn version: 
  1.22.19

Node version: 
  18.15.0

Platform: 
  win32 x64

Trace: 
  Error: connect ETIMEDOUT 104.16.16.35:443
      at TCPConnectWrap.afterConnect [as oncomplete] (node:net:1494:16)

npm manifest: 
  {
    "name": "electron-can-viewer",
    "version": "1.0.1",
    "description": "Basic Electron app to view CAN messages using an Arduino as a CAN adapter",
    "main": "main.js",
    "scripts": {
      "start": "electron .",
      "pack": "electron-builder --dir",
      "postinstall": "electron-rebuild -f -w serialport",
      "publish": "electron-builder -p always"
    },
    "repository": "https://github.com/ste2425/Electron-CAN-viewer/",
    "keywords": [
      "Electron",
      "Arduino",
      "CAN"
    ],
    "author": {
      "name": "Stephen Cooper",
      "email": "ste.cooper@live.co.uk"
    },
    "license": "",
    "devDependencies": {
      "electron": "^24.0.0",
      "electron-builder": "^22.13.1",
      "electron-rebuild": "^3.2.3"
    },
    "dependencies": {
      "bootstrap": "^5.1.3",
      "bootstrap-icons": "^1.5.0",
      "electron-log": "^4.4.1",
      "electron-updater": "^4.3.9",
      "exceljs": "^4.3.0",
      "serialport": "^10.5.0"
    },
    "build": {
      "buildDependenciesFromSource": true,
      "npmRebuild": false
    }
  }

yarn manifest: 
  No manifest

Lockfile: 
  No lockfile
